============================================================
  Generated by:           Genus(TM) Synthesis Solution 21.18-s082_1
  Generated on:           Mar 13 2026  03:30:55 am
  Module:                 top
  Operating conditions:   tt_1.8_25 (balanced_tree)
  Wireload mode:          enclosed
  Area mode:              timing library
============================================================


Path 1: MET (490 ps) Late External Delay Assertion at pin y[31]
          Group: clk
     Startpoint: (R) op_reg_reg[1]/CK
          Clock: (R) clk
       Endpoint: (F) y[31]
          Clock: (R) clk

                     Capture       Launch     
        Clock Edge:+   10000            0     
       Src Latency:+       0            0     
       Net Latency:+       0 (I)        0 (I) 
           Arrival:=   10000            0     
                                              
      Output Delay:-    2000                  
     Required Time:=    8000                  
      Launch Clock:-       0                  
         Data Path:-    7510                  
             Slack:=     490                  

Exceptions/Constraints:
  output_delay             2000            top.sdc_line_5 

#-------------------------------------------------------------------------------------------------------------------
#               Timing Point                Flags    Arc   Edge   Cell     Fanout Load Trans Delay Arrival Instance 
#                                                                                 (fF)  (ps)  (ps)   (ps)  Location 
#-------------------------------------------------------------------------------------------------------------------
  op_reg_reg[1]/CK                          -       -      R     (arrival)     67    -     0     0       0    (-,-) 
  op_reg_reg[1]/QN                          -       CK->QN R     DFFX1          5 10.7    79   318     318    (-,-) 
  g2/Y                                      -       B->Y   R     CLKAND2X2     33 63.8   225   231     549    (-,-) 
  u_alu_sub_11_23_Y_add_10_23_g990__1666/Y  -       A->Y   F     CLKXOR2X1      1  5.0    49   260     808    (-,-) 
  u_alu_sub_11_23_Y_add_10_23_g987__9945/CO -       CI->CO F     ADDFX1         1  5.0    56   205    1013    (-,-) 
  u_alu_sub_11_23_Y_add_10_23_g986__9315/CO -       CI->CO F     ADDFX1         1  5.0    56   208    1221    (-,-) 
  u_alu_sub_11_23_Y_add_10_23_g985__6161/CO -       CI->CO F     ADDFX1         1  5.0    56   208    1428    (-,-) 
  u_alu_sub_11_23_Y_add_10_23_g984__4733/CO -       CI->CO F     ADDFX1         1  5.0    56   208    1636    (-,-) 
  u_alu_sub_11_23_Y_add_10_23_g983__7482/CO -       CI->CO F     ADDFX1         1  5.0    56   208    1843    (-,-) 
  u_alu_sub_11_23_Y_add_10_23_g982__5115/CO -       CI->CO F     ADDFX1         1  5.0    56   208    2051    (-,-) 
  u_alu_sub_11_23_Y_add_10_23_g981__1881/CO -       CI->CO F     ADDFX1         1  5.0    56   208    2258    (-,-) 
  u_alu_sub_11_23_Y_add_10_23_g980__6131/CO -       CI->CO F     ADDFX1         1  5.0    56   208    2466    (-,-) 
  u_alu_sub_11_23_Y_add_10_23_g979__7098/CO -       CI->CO F     ADDFX1         1  5.0    56   208    2673    (-,-) 
  u_alu_sub_11_23_Y_add_10_23_g978__8246/CO -       CI->CO F     ADDFX1         1  5.0    56   208    2881    (-,-) 
  u_alu_sub_11_23_Y_add_10_23_g977__5122/CO -       CI->CO F     ADDFX1         1  5.0    56   208    3088    (-,-) 
  u_alu_sub_11_23_Y_add_10_23_g976__1705/CO -       CI->CO F     ADDFX1         1  5.0    56   208    3296    (-,-) 
  u_alu_sub_11_23_Y_add_10_23_g975__2802/CO -       CI->CO F     ADDFX1         1  5.0    56   208    3503    (-,-) 
  u_alu_sub_11_23_Y_add_10_23_g974__1617/CO -       CI->CO F     ADDFX1         1  5.0    56   208    3711    (-,-) 
  u_alu_sub_11_23_Y_add_10_23_g973__3680/CO -       CI->CO F     ADDFX1         1  5.0    56   208    3918    (-,-) 
  u_alu_sub_11_23_Y_add_10_23_g972__6783/CO -       CI->CO F     ADDFX1         1  5.0    56   208    4126    (-,-) 
  u_alu_sub_11_23_Y_add_10_23_g971__5526/CO -       CI->CO F     ADDFX1         1  5.0    56   208    4333    (-,-) 
  u_alu_sub_11_23_Y_add_10_23_g970__8428/CO -       CI->CO F     ADDFX1         1  5.0    56   208    4541    (-,-) 
  u_alu_sub_11_23_Y_add_10_23_g969__4319/CO -       CI->CO F     ADDFX1         1  5.0    56   208    4748    (-,-) 
  u_alu_sub_11_23_Y_add_10_23_g968__6260/CO -       CI->CO F     ADDFX1         1  5.0    56   208    4956    (-,-) 
  u_alu_sub_11_23_Y_add_10_23_g967__5107/CO -       CI->CO F     ADDFX1         1  5.0    56   208    5163    (-,-) 
  u_alu_sub_11_23_Y_add_10_23_g966__2398/CO -       CI->CO F     ADDFX1         1  5.0    56   208    5371    (-,-) 
  u_alu_sub_11_23_Y_add_10_23_g965__5477/CO -       CI->CO F     ADDFX1         1  5.0    56   208    5578    (-,-) 
  u_alu_sub_11_23_Y_add_10_23_g964__6417/CO -       CI->CO F     ADDFX1         1  5.0    56   208    5786    (-,-) 
  u_alu_sub_11_23_Y_add_10_23_g963__7410/CO -       CI->CO F     ADDFX1         1  5.0    56   208    5993    (-,-) 
  u_alu_sub_11_23_Y_add_10_23_g962__1666/CO -       CI->CO F     ADDFX1         1  5.0    56   208    6201    (-,-) 
  u_alu_sub_11_23_Y_add_10_23_g961__2346/CO -       CI->CO F     ADDFX1         1  5.0    56   208    6408    (-,-) 
  u_alu_sub_11_23_Y_add_10_23_g960__2883/CO -       CI->CO F     ADDFX1         1  5.0    56   208    6616    (-,-) 
  u_alu_sub_11_23_Y_add_10_23_g959__9945/CO -       CI->CO F     ADDFX1         1  5.0    56   208    6823    (-,-) 
  u_alu_sub_11_23_Y_add_10_23_g958__9315/CO -       CI->CO F     ADDFX1         1  5.0    56   208    7031    (-,-) 
  u_alu_sub_11_23_Y_add_10_23_g957__6161/CO -       CI->CO F     ADDFX1         1  1.8    40   188    7218    (-,-) 
  u_alu_sub_11_23_Y_add_10_23_g956__4733/Y  -       A->Y   F     CLKXOR2X1      1  3.1    39   166    7385    (-,-) 
  g6904__7098/Y                             -       B1->Y  R     AOI22X1        1  3.0   120    89    7474    (-,-) 
  g6821__6161/Y                             -       B->Y   F     NAND2X1        1  0.0    32    36    7510    (-,-) 
  y[31]                                     <<<     -      F     (port)         -    -     -     0    7510    (-,-) 
#-------------------------------------------------------------------------------------------------------------------

